<?xml version="1.0" encoding="UTF-8"?>
<!-- Generated by org.testng.reporters.JUnitReportReporter -->
<testsuite skipped="0" hostname="CPX-85J1I2YMCLF" name="Demo.REST.Maven.Framework.Create_Issue_Test" tests="1" failures="0" timestamp="07 kesÃ¤kuuta 2018 09:48:37 GMT" time="1.506" errors="0">
  <testcase name="Create_Issue" time="1.506" classname="Demo.REST.Maven.Framework.Create_Issue_Test"/>
</testsuite> <!-- Demo.REST.Maven.Framework.Create_Issue_Test -->
