<?xml version="1.0" encoding="UTF-8"?>
<!-- Generated by org.testng.reporters.JUnitReportReporter -->
<testsuite skipped="0" hostname="CPX-85J1I2YMCLF" name="Demo.REST.Maven.Framework.Login_Test" tests="1" failures="0" timestamp="11 kesÃ¤kuuta 2018 10:50:42 GMT" time="4.664" errors="0">
  <testcase name="Login" time="4.664" classname="Demo.REST.Maven.Framework.Login_Test"/>
</testsuite> <!-- Demo.REST.Maven.Framework.Login_Test -->
