<?xml version="1.0" encoding="UTF-8"?>
<!-- Generated by org.testng.reporters.JUnitReportReporter -->
<testsuite skipped="0" hostname="CPX-85J1I2YMCLF" name="Demo.REST.Maven.Framework.Create_Issue" tests="1" failures="0" timestamp="06 kesÃ¤kuuta 2018 10:54:31 GMT" time="3.699" errors="0">
  <testcase name="Create_Issue_Test" time="3.699" classname="Demo.REST.Maven.Framework.Create_Issue"/>
</testsuite> <!-- Demo.REST.Maven.Framework.Create_Issue -->
